# JRE version: OpenJDK Runtime Environment (15.0.2+7) (build 15.0.2+7-27)
# Java VM: OpenJDK 64-Bit Server VM (15.0.2+7-27, mixed mode, tiered, compressed oops, g1 gc, windows-amd64)
GC Precious Log:
 CPUs: 4 total, 4 available
 Memory: 3850M
 Large Page Support: Disabled
 NUMA Support: Disabled
 Compressed Oops: Enabled (32-bit)
 Heap Region Size: 1M
 Heap Min Capacity: 8M
 Heap Initial Capacity: 62M
 Heap Max Capacity: 964M
 Pre-touch: Disabled
 Parallel Workers: 4
 Concurrent Workers: 1
 Concurrent Refinement Workers: 4
 Periodic GC: Disabled
Heap:
 garbage-first heap   total 63488K, used 38904K [0x00000000c3c00000, 0x0000000100000000)
  region size 1024K, 7 young (7168K), 2 survivors (2048K)
 Metaspace       used 35078K, capacity 35343K, committed 35632K, reserved 1081344K
  class space    used 3767K, capacity 3857K, committed 3968K, reserved 1048576K
GC Heap History (12 events):
Event: 1.211 GC heap before
{Heap before GC invocations=0 (full 0):
 garbage-first heap   total 63488K, used 14336K [0x00000000c3c00000, 0x0000000100000000)
  region size 1024K, 13 young (13312K), 0 survivors (0K)
 Metaspace       used 7409K, capacity 7446K, committed 7552K, reserved 1056768K
  class space    used 622K, capacity 628K, committed 640K, reserved 1048576K
}
Event: 1.227 GC heap after
{Heap after GC invocations=1 (full 0):
 garbage-first heap   total 63488K, used 6893K [0x00000000c3c00000, 0x0000000100000000)
  region size 1024K, 2 young (2048K), 2 survivors (2048K)
 Metaspace       used 7409K, capacity 7446K, committed 7552K, reserved 1056768K
  class space    used 622K, capacity 628K, committed 640K, reserved 1048576K
}
Event: 2.272 GC heap before
{Heap before GC invocations=1 (full 0):
 garbage-first heap   total 63488K, used 18157K [0x00000000c3c00000, 0x0000000100000000)
  region size 1024K, 14 young (14336K), 2 survivors (2048K)
 Metaspace       used 13054K, capacity 13263K, committed 13312K, reserved 1060864K
  class space    used 1208K, capacity 1263K, committed 1280K, reserved 1048576K
}
Event: 2.277 GC heap after
{Heap after GC invocations=2 (full 0):
 garbage-first heap   total 63488K, used 11012K [0x00000000c3c00000, 0x0000000100000000)
  region size 1024K, 2 young (2048K), 2 survivors (2048K)
 Metaspace       used 13054K, capacity 13263K, committed 13312K, reserved 1060864K
  class space    used 1208K, capacity 1263K, committed 1280K, reserved 1048576K
}
Event: 3.396 GC heap before
{Heap before GC invocations=2 (full 0):
 garbage-first heap   total 63488K, used 27396K [0x00000000c3c00000, 0x0000000100000000)
  region size 1024K, 18 young (18432K), 2 survivors (2048K)
 Metaspace       used 17098K, capacity 17307K, committed 17408K, reserved 1064960K
  class space    used 1658K, capacity 1693K, committed 1792K, reserved 1048576K
}
Event: 3.400 GC heap after
{Heap after GC invocations=3 (full 0):
 garbage-first heap   total 63488K, used 12952K [0x00000000c3c00000, 0x0000000100000000)
  region size 1024K, 2 young (2048K), 2 survivors (2048K)
 Metaspace       used 17098K, capacity 17307K, committed 17408K, reserved 1064960K
  class space    used 1658K, capacity 1693K, committed 1792K, reserved 1048576K
}
Event: 4.719 GC heap before
{Heap before GC invocations=3 (full 0):
 garbage-first heap   total 63488K, used 28312K [0x00000000c3c00000, 0x0000000100000000)
  region size 1024K, 18 young (18432K), 2 survivors (2048K)
 Metaspace       used 21020K, capacity 21171K, committed 21296K, reserved 1069056K
  class space    used 2062K, capacity 2122K, committed 2176K, reserved 1048576K
}
Event: 4.723 GC heap after
{Heap after GC invocations=4 (full 0):
 garbage-first heap   total 63488K, used 14499K [0x00000000c3c00000, 0x0000000100000000)
  region size 1024K, 4 young (4096K), 4 survivors (4096K)
 Metaspace       used 21020K, capacity 21171K, committed 21296K, reserved 1069056K
  class space    used 2062K, capacity 2122K, committed 2176K, reserved 1048576K
}
Event: 6.144 GC heap before
{Heap before GC invocations=5 (full 0):
 garbage-first heap   total 55296K, used 43171K [0x00000000c3c00000, 0x0000000100000000)
  region size 1024K, 32 young (32768K), 4 survivors (4096K)
 Metaspace       used 29782K, capacity 29976K, committed 30256K, reserved 1077248K
  class space    used 3016K, capacity 3094K, committed 3200K, reserved 1048576K
}
Event: 6.150 GC heap after
{Heap after GC invocations=6 (full 0):
 garbage-first heap   total 55296K, used 16221K [0x00000000c3c00000, 0x0000000100000000)
  region size 1024K, 4 young (4096K), 4 survivors (4096K)
 Metaspace       used 29782K, capacity 29976K, committed 30256K, reserved 1077248K
  class space    used 3016K, capacity 3094K, committed 3200K, reserved 1048576K
}
Event: 6.661 GC heap before
{Heap before GC invocations=6 (full 0):
 garbage-first heap   total 55296K, used 32605K [0x00000000c3c00000, 0x0000000100000000)
  region size 1024K, 21 young (21504K), 4 survivors (4096K)
 Metaspace       used 33879K, capacity 34133K, committed 34352K, reserved 1079296K
  class space    used 3620K, capacity 3689K, committed 3712K, reserved 1048576K
}
Event: 6.667 GC heap after
{Heap after GC invocations=7 (full 0):
 garbage-first heap   total 55296K, used 17400K [0x00000000c3c00000, 0x0000000100000000)
  region size 1024K, 2 young (2048K), 2 survivors (2048K)
 Metaspace       used 33879K, capacity 34133K, committed 34352K, reserved 1079296K
  class space    used 3620K, capacity 3689K, committed 3712K, reserved 1048576K
}

