<?xml version="1.0" encoding="UTF-8"?>
<testng-results ignored="4" total="7" passed="2" failed="1" skipped="0">
  <reporter-output>
  </reporter-output>
  <suite started-at="2021-04-16T18:05:32 GMT+03:00" name="Suite" finished-at="2021-04-16T18:06:51 GMT+03:00" duration-ms="78892">
    <groups>
    </groups>
    <test started-at="2021-04-16T18:05:32 GMT+03:00" name="Test" finished-at="2021-04-16T18:06:51 GMT+03:00" duration-ms="78892">
      <class name="testcases.ItemSelection">
        <test-method is-config="true" signature="setValues()[pri:0, instance:testcases.ItemSelection@54c5a2ff]" started-at="2021-04-16T18:05:32 GMT+03:00" name="setValues" finished-at="2021-04-16T18:05:32 GMT+03:00" duration-ms="0" status="PASS">
          <reporter-output>
          </reporter-output>
        </test-method> <!-- setValues -->
        <test-method is-config="true" signature="report()[pri:0, instance:testcases.ItemSelection@54c5a2ff]" started-at="2021-04-16T18:05:50 GMT+03:00" name="report" finished-at="2021-04-16T18:05:50 GMT+03:00" duration-ms="1" status="PASS">
          <reporter-output>
          </reporter-output>
        </test-method> <!-- report -->
        <test-method is-config="true" signature="beforeMethod()[pri:0, instance:testcases.ItemSelection@54c5a2ff]" started-at="2021-04-16T18:05:50 GMT+03:00" name="beforeMethod" finished-at="2021-04-16T18:06:00 GMT+03:00" duration-ms="10592" status="PASS">
          <reporter-output>
          </reporter-output>
        </test-method> <!-- beforeMethod -->
        <test-method signature="itemSelectTest()[pri:0, instance:testcases.ItemSelection@54c5a2ff]" started-at="2021-04-16T18:06:00 GMT+03:00" name="itemSelectTest" finished-at="2021-04-16T18:06:06 GMT+03:00" duration-ms="5305" status="PASS">
          <reporter-output>
          </reporter-output>
        </test-method> <!-- itemSelectTest -->
        <test-method is-config="true" signature="afterMethod()[pri:0, instance:testcases.ItemSelection@54c5a2ff]" started-at="2021-04-16T18:06:06 GMT+03:00" name="afterMethod" finished-at="2021-04-16T18:06:06 GMT+03:00" duration-ms="233" status="PASS">
          <reporter-output>
          </reporter-output>
        </test-method> <!-- afterMethod -->
      </class> <!-- testcases.ItemSelection -->
      <class name="testcases.Controlgroup">
        <test-method is-config="true" signature="setValues()[pri:0, instance:testcases.Controlgroup@6d4d66d2]" started-at="2021-04-16T18:05:32 GMT+03:00" name="setValues" finished-at="2021-04-16T18:05:32 GMT+03:00" duration-ms="1" status="PASS">
          <reporter-output>
          </reporter-output>
        </test-method> <!-- setValues -->
        <test-method is-config="true" signature="report()[pri:0, instance:testcases.Controlgroup@6d4d66d2]" started-at="2021-04-16T18:06:06 GMT+03:00" name="report" finished-at="2021-04-16T18:06:06 GMT+03:00" duration-ms="0" status="PASS">
          <reporter-output>
          </reporter-output>
        </test-method> <!-- report -->
        <test-method is-config="true" signature="beforeMethod()[pri:0, instance:testcases.Controlgroup@6d4d66d2]" started-at="2021-04-16T18:06:06 GMT+03:00" name="beforeMethod" finished-at="2021-04-16T18:06:16 GMT+03:00" duration-ms="10170" status="PASS">
          <reporter-output>
          </reporter-output>
        </test-method> <!-- beforeMethod -->
        <test-method signature="fieldsize()[pri:0, instance:testcases.Controlgroup@6d4d66d2]" started-at="2021-04-16T18:06:16 GMT+03:00" name="fieldsize" finished-at="2021-04-16T18:06:51 GMT+03:00" duration-ms="34445" status="FAIL">
          <exception class="org.openqa.selenium.NoSuchElementException">
            <message>
              <![CDATA[no such element: Unable to locate element: {"method":"xpath","selector":"//div[@class='ui-selectmenu-menu ui-front ui-selectmenu-open']//div[text()='SUV']"}
  (Session info: chrome=88.0.4324.190)
For documentation on this error, please visit: https://selenium.dev/exceptions/#no_such_element
Build info: version: '4.0.0-alpha-6', revision: '5f43a29cfc'
System info: host: 'LAPTOP-U4VEBTG4', ip: '192.168.1.102', os.name: 'Windows 10', os.arch: 'amd64', os.version: '10.0', java.version: '15.0.2'
Driver info: org.openqa.selenium.chrome.ChromeDriver
Capabilities {acceptInsecureCerts: false, browserName: chrome, browserVersion: 88.0.4324.190, chrome: {chromedriverVersion: 88.0.4324.96 (68dba2d8a0b14..., userDataDir: C:\Users\jayab\AppData\Loca...}, goog:chromeOptions: {debuggerAddress: localhost:62029}, javascriptEnabled: true, networkConnectionEnabled: false, pageLoadStrategy: normal, platform: WINDOWS, platformName: WINDOWS, proxy: Proxy(), setWindowRect: true, strictFileInteractability: false, timeouts: {implicit: 0, pageLoad: 300000, script: 30000}, unhandledPromptBehavior: dismiss and notify, webauthn:extension:largeBlob: true, webauthn:virtualAuthenticators: true}
Session ID: f4c95961f91ae88dda0e8f107e85d804
*** Element info: {Using=xpath, value=//div[@class='ui-selectmenu-menu ui-front ui-selectmenu-open']//div[text()='SUV']}]]>
            </message>
            <full-stacktrace>
              <![CDATA[org.openqa.selenium.NoSuchElementException: no such element: Unable to locate element: {"method":"xpath","selector":"//div[@class='ui-selectmenu-menu ui-front ui-selectmenu-open']//div[text()='SUV']"}
  (Session info: chrome=88.0.4324.190)
For documentation on this error, please visit: https://selenium.dev/exceptions/#no_such_element
Build info: version: '4.0.0-alpha-6', revision: '5f43a29cfc'
System info: host: 'LAPTOP-U4VEBTG4', ip: '192.168.1.102', os.name: 'Windows 10', os.arch: 'amd64', os.version: '10.0', java.version: '15.0.2'
Driver info: org.openqa.selenium.chrome.ChromeDriver
Capabilities {acceptInsecureCerts: false, browserName: chrome, browserVersion: 88.0.4324.190, chrome: {chromedriverVersion: 88.0.4324.96 (68dba2d8a0b14..., userDataDir: C:\Users\jayab\AppData\Loca...}, goog:chromeOptions: {debuggerAddress: localhost:62029}, javascriptEnabled: true, networkConnectionEnabled: false, pageLoadStrategy: normal, platform: WINDOWS, platformName: WINDOWS, proxy: Proxy(), setWindowRect: true, strictFileInteractability: false, timeouts: {implicit: 0, pageLoad: 300000, script: 30000}, unhandledPromptBehavior: dismiss and notify, webauthn:extension:largeBlob: true, webauthn:virtualAuthenticators: true}
Session ID: f4c95961f91ae88dda0e8f107e85d804
*** Element info: {Using=xpath, value=//div[@class='ui-selectmenu-menu ui-front ui-selectmenu-open']//div[text()='SUV']}
at java.base/jdk.internal.reflect.NativeConstructorAccessorImpl.newInstance0(Native Method)
at java.base/jdk.internal.reflect.NativeConstructorAccessorImpl.newInstance(NativeConstructorAccessorImpl.java:64)
at java.base/jdk.internal.reflect.DelegatingConstructorAccessorImpl.newInstance(DelegatingConstructorAccessorImpl.java:45)
at java.base/java.lang.reflect.Constructor.newInstanceWithCaller(Constructor.java:500)
at java.base/java.lang.reflect.Constructor.newInstance(Constructor.java:481)
at org.openqa.selenium.remote.codec.w3c.W3CHttpResponseCodec.createException(W3CHttpResponseCodec.java:196)
at org.openqa.selenium.remote.codec.w3c.W3CHttpResponseCodec.decode(W3CHttpResponseCodec.java:129)
at org.openqa.selenium.remote.codec.w3c.W3CHttpResponseCodec.decode(W3CHttpResponseCodec.java:53)
at org.openqa.selenium.remote.HttpCommandExecutor.execute(HttpCommandExecutor.java:160)
at org.openqa.selenium.remote.service.DriverCommandExecutor.execute(DriverCommandExecutor.java:83)
at org.openqa.selenium.remote.RemoteWebDriver.execute(RemoteWebDriver.java:582)
at org.openqa.selenium.remote.RemoteWebDriver.findElement(RemoteWebDriver.java:333)
at org.openqa.selenium.remote.RemoteWebDriver.findElementByXPath(RemoteWebDriver.java:451)
at org.openqa.selenium.By$ByXPath.findElement(By.java:394)
at org.openqa.selenium.remote.RemoteWebDriver.findElement(RemoteWebDriver.java:325)
at pages.Controlgrouppage.fieldsize(Controlgrouppage.java:28)
at testcases.Controlgroup.fieldsize(Controlgroup.java:24)
at java.base/jdk.internal.reflect.NativeMethodAccessorImpl.invoke0(Native Method)
at java.base/jdk.internal.reflect.NativeMethodAccessorImpl.invoke(NativeMethodAccessorImpl.java:64)
at java.base/jdk.internal.reflect.DelegatingMethodAccessorImpl.invoke(DelegatingMethodAccessorImpl.java:43)
at java.base/java.lang.reflect.Method.invoke(Method.java:564)
at org.testng.internal.MethodInvocationHelper.invokeMethod(MethodInvocationHelper.java:132)
at org.testng.internal.TestInvoker.invokeMethod(TestInvoker.java:599)
at org.testng.internal.TestInvoker.invokeTestMethod(TestInvoker.java:174)
at org.testng.internal.MethodRunner.runInSequence(MethodRunner.java:46)
at org.testng.internal.TestInvoker$MethodInvocationAgent.invoke(TestInvoker.java:822)
at org.testng.internal.TestInvoker.invokeTestMethods(TestInvoker.java:147)
at org.testng.internal.TestMethodWorker.invokeTestMethods(TestMethodWorker.java:146)
at org.testng.internal.TestMethodWorker.run(TestMethodWorker.java:128)
at java.base/java.util.ArrayList.forEach(ArrayList.java:1511)
at org.testng.TestRunner.privateRun(TestRunner.java:764)
at org.testng.TestRunner.run(TestRunner.java:585)
at org.testng.SuiteRunner.runTest(SuiteRunner.java:384)
at org.testng.SuiteRunner.runSequentially(SuiteRunner.java:378)
at org.testng.SuiteRunner.privateRun(SuiteRunner.java:337)
at org.testng.SuiteRunner.run(SuiteRunner.java:286)
at org.testng.SuiteRunnerWorker.runSuite(SuiteRunnerWorker.java:53)
at org.testng.SuiteRunnerWorker.run(SuiteRunnerWorker.java:96)
at org.testng.TestNG.runSuitesSequentially(TestNG.java:1218)
at org.testng.TestNG.runSuitesLocally(TestNG.java:1140)
at org.testng.TestNG.runSuites(TestNG.java:1069)
at org.testng.TestNG.run(TestNG.java:1037)
at org.testng.remote.AbstractRemoteTestNG.run(AbstractRemoteTestNG.java:115)
at org.testng.remote.RemoteTestNG.initAndRun(RemoteTestNG.java:251)
at org.testng.remote.RemoteTestNG.main(RemoteTestNG.java:77)
]]>
            </full-stacktrace>
          </exception> <!-- org.openqa.selenium.NoSuchElementException -->
          <reporter-output>
          </reporter-output>
        </test-method> <!-- fieldsize -->
        <test-method is-config="true" signature="afterMethod()[pri:0, instance:testcases.Controlgroup@6d4d66d2]" started-at="2021-04-16T18:06:51 GMT+03:00" name="afterMethod" finished-at="2021-04-16T18:06:51 GMT+03:00" duration-ms="107" status="PASS">
          <reporter-output>
          </reporter-output>
        </test-method> <!-- afterMethod -->
      </class> <!-- testcases.Controlgroup -->
      <class name="testcases.DragAndDropTheElement">
        <test-method is-config="true" signature="startReport()[pri:0, instance:testcases.DragAndDropTheElement@1ed4ae0f]" started-at="2021-04-16T18:05:31 GMT+03:00" name="startReport" finished-at="2021-04-16T18:05:32 GMT+03:00" duration-ms="571" status="PASS">
          <reporter-output>
          </reporter-output>
        </test-method> <!-- startReport -->
        <test-method is-config="true" signature="setValues()[pri:0, instance:testcases.DragAndDropTheElement@1ed4ae0f]" started-at="2021-04-16T18:05:32 GMT+03:00" name="setValues" finished-at="2021-04-16T18:05:32 GMT+03:00" duration-ms="1" status="PASS">
          <reporter-output>
          </reporter-output>
        </test-method> <!-- setValues -->
        <test-method is-config="true" signature="report()[pri:0, instance:testcases.DragAndDropTheElement@1ed4ae0f]" started-at="2021-04-16T18:05:32 GMT+03:00" name="report" finished-at="2021-04-16T18:05:32 GMT+03:00" duration-ms="9" status="PASS">
          <reporter-output>
          </reporter-output>
        </test-method> <!-- report -->
        <test-method is-config="true" signature="beforeMethod()[pri:0, instance:testcases.DragAndDropTheElement@1ed4ae0f]" started-at="2021-04-16T18:05:32 GMT+03:00" name="beforeMethod" finished-at="2021-04-16T18:05:44 GMT+03:00" duration-ms="12241" status="PASS">
          <reporter-output>
          </reporter-output>
        </test-method> <!-- beforeMethod -->
        <test-method signature="dragDropTest()[pri:0, instance:testcases.DragAndDropTheElement@1ed4ae0f]" started-at="2021-04-16T18:05:44 GMT+03:00" name="dragDropTest" finished-at="2021-04-16T18:05:49 GMT+03:00" duration-ms="5411" status="PASS">
          <reporter-output>
          </reporter-output>
        </test-method> <!-- dragDropTest -->
        <test-method is-config="true" signature="afterMethod()[pri:0, instance:testcases.DragAndDropTheElement@1ed4ae0f]" started-at="2021-04-16T18:05:49 GMT+03:00" name="afterMethod" finished-at="2021-04-16T18:05:50 GMT+03:00" duration-ms="299" status="PASS">
          <reporter-output>
          </reporter-output>
        </test-method> <!-- afterMethod -->
        <test-method is-config="true" signature="stopReport()[pri:0, instance:testcases.DragAndDropTheElement@1ed4ae0f]" started-at="2021-04-16T18:06:51 GMT+03:00" name="stopReport" finished-at="2021-04-16T18:06:51 GMT+03:00" duration-ms="417" status="PASS">
          <reporter-output>
          </reporter-output>
        </test-method> <!-- stopReport -->
      </class> <!-- testcases.DragAndDropTheElement -->
    </test> <!-- Test -->
  </suite> <!-- Suite -->
</testng-results>
